mod	trans_guid	split_guid	time_now	date_entered	date_posted	acc_guid	acc_name	num	description	notes	memo	action	reconciled	amount	value	date_reconciled
-----------------
===== START
C	988171257f0731fcbe20dc72ba0afa3c	edfb9e1b65614fd6fe0d0313d8d47849	2014-11-10 09:11:26.000000 +07:00	2014-11-10 09:11:26.000000 +07:00	2014-11-09 00:00:00.000000 +07:00	f6bedba42803e80b20caaa44b1f06a88	Pangan		bebek				n	4200000/100	4200000/100	1970-01-01 07:00:00.000000 +07:00
C	988171257f0731fcbe20dc72ba0afa3c	8dc094a88f870de5e250a6fe4b3dca84	2014-11-10 09:11:26.000000 +07:00	2014-11-10 09:11:26.000000 +07:00	2014-11-09 00:00:00.000000 +07:00	3b0fea5fc269b229f9f08b5291c2a268	Cash in Wallet		bebek				n	-4200000/100	-4200000/100	1970-01-01 07:00:00.000000 +07:00
===== END
===== START
===== END
===== START
C	45a8d23f8d3a21f92e192a4aecea6375	ea9de3a8abc208a178fae8076a615107	2014-11-10 09:11:37.000000 +07:00	2014-11-10 09:11:37.000000 +07:00	2014-11-09 00:00:00.000000 +07:00	f6bedba42803e80b20caaa44b1f06a88	Pangan		degan				n	1600000/100	1600000/100	1970-01-01 07:00:00.000000 +07:00
C	45a8d23f8d3a21f92e192a4aecea6375	6b817c316e538d2ca17da9a50b9b6868	2014-11-10 09:11:37.000000 +07:00	2014-11-10 09:11:37.000000 +07:00	2014-11-09 00:00:00.000000 +07:00	3b0fea5fc269b229f9f08b5291c2a268	Cash in Wallet		degan				n	-1600000/100	-1600000/100	1970-01-01 07:00:00.000000 +07:00
===== END
===== START
===== END
===== START
D	7155eefb051809a9ebce4d331787c205	ee31825b9843aed026e2d9923513f635	2014-11-10 09:11:47.000000 +07:00	2014-11-10 09:11:47.000000 +07:00	2014-11-09 00:00:00.000000 +07:00								n	0/1	0/100	1970-01-01 07:00:00.000000 +07:00
===== END
===== START
===== END
===== START
C	34057db8362620ff9c223b0e3a68dba5	4efa5c9941b042f10054efe1b6bcfb66	2014-11-10 09:12:15.000000 +07:00	2014-11-10 09:12:15.000000 +07:00	2014-11-01 00:00:00.000000 +07:00	977004d58edb6a7e13b43ee715e2eaf1	Transportasi		Bensin				n	1800000/100	1800000/100	1970-01-01 07:00:00.000000 +07:00
C	34057db8362620ff9c223b0e3a68dba5	1b126084bbff164175b45df8d9bc391b	2014-11-10 09:12:15.000000 +07:00	2014-11-10 09:12:15.000000 +07:00	2014-11-01 00:00:00.000000 +07:00	3b0fea5fc269b229f9f08b5291c2a268	Cash in Wallet		Bensin				n	-1800000/100	-1800000/100	1970-01-01 07:00:00.000000 +07:00
===== END
===== START
===== END
===== START
B	34057db8362620ff9c223b0e3a68dba5	4efa5c9941b042f10054efe1b6bcfb66	2014-11-10 09:12:31.000000 +07:00	2014-11-10 09:12:15.000000 +07:00	2014-11-01 00:00:00.000000 +07:00	977004d58edb6a7e13b43ee715e2eaf1	Transportasi		Bensin				n	1800000/100	1800000/100	1970-01-01 07:00:00.000000 +07:00
B	34057db8362620ff9c223b0e3a68dba5	1b126084bbff164175b45df8d9bc391b	2014-11-10 09:12:31.000000 +07:00	2014-11-10 09:12:15.000000 +07:00	2014-11-01 00:00:00.000000 +07:00	3b0fea5fc269b229f9f08b5291c2a268	Cash in Wallet		Bensin				n	-1800000/100	-1800000/100	1970-01-01 07:00:00.000000 +07:00
===== END
===== START
C	34057db8362620ff9c223b0e3a68dba5	4efa5c9941b042f10054efe1b6bcfb66	2014-11-10 09:12:31.000000 +07:00	2014-11-10 09:12:15.000000 +07:00	2014-11-08 00:00:00.000000 +07:00	977004d58edb6a7e13b43ee715e2eaf1	Transportasi		Bensin				n	1800000/100	1800000/100	1970-01-01 07:00:00.000000 +07:00
C	34057db8362620ff9c223b0e3a68dba5	1b126084bbff164175b45df8d9bc391b	2014-11-10 09:12:31.000000 +07:00	2014-11-10 09:12:15.000000 +07:00	2014-11-08 00:00:00.000000 +07:00	3b0fea5fc269b229f9f08b5291c2a268	Cash in Wallet		Bensin				n	-1800000/100	-1800000/100	1970-01-01 07:00:00.000000 +07:00
===== END
===== START
C	9defc15b3ab1b6cb65b9a2b74397ebf6	35ea6330e9e3a5b880cfbc23d57cdcec	2014-11-10 09:12:56.000000 +07:00	2014-11-10 09:12:56.000000 +07:00	2014-11-10 00:00:00.000000 +07:00	977004d58edb6a7e13b43ee715e2eaf1	Transportasi		Jembatan				n	300000/100	300000/100	1970-01-01 07:00:00.000000 +07:00
C	9defc15b3ab1b6cb65b9a2b74397ebf6	b0395d4b9cc5bf54b283fbcf2df79906	2014-11-10 09:12:56.000000 +07:00	2014-11-10 09:12:56.000000 +07:00	2014-11-10 00:00:00.000000 +07:00	3b0fea5fc269b229f9f08b5291c2a268	Cash in Wallet		Jembatan				n	-300000/100	-300000/100	1970-01-01 07:00:00.000000 +07:00
===== END
===== START
===== END
===== START
D	191c2341deef9ba4b5bb309ab1192366	a7186858782129b2c2a6dbf6a20c79c2	2014-11-10 09:12:58.000000 +07:00	2014-11-10 09:12:58.000000 +07:00	2014-11-10 00:00:00.000000 +07:00								n	0/1	0/100	1970-01-01 07:00:00.000000 +07:00
===== END
