mod	trans_guid	split_guid	time_now	date_entered	date_posted	acc_guid	acc_name	num	description	notes	memo	action	reconciled	amount	value	date_reconciled
-----------------
===== START
===== END
===== START
C	750cf13b0fe506f2215324ea03bc61a8	b2767e37cbe44a86016b8fe4b4be57ff	2014-11-10 09:06:14.000000 +07:00	2014-11-10 09:06:14.000000 +07:00	2014-11-08 00:00:00.000000 +07:00	f6bedba42803e80b20caaa44b1f06a88	Pangan		Bakso				n	800000/100	800000/100	1970-01-01 07:00:00.000000 +07:00
C	750cf13b0fe506f2215324ea03bc61a8	cb4db511059ba9eabb68ff0630625384	2014-11-10 09:06:14.000000 +07:00	2014-11-10 09:06:14.000000 +07:00	2014-11-08 00:00:00.000000 +07:00	3b0fea5fc269b229f9f08b5291c2a268	Cash in Wallet		Bakso				n	-800000/100	-800000/100	1970-01-01 07:00:00.000000 +07:00
===== END
===== START
===== END
===== START
B	750cf13b0fe506f2215324ea03bc61a8	b2767e37cbe44a86016b8fe4b4be57ff	2014-11-10 09:06:47.000000 +07:00	2014-11-10 09:06:14.000000 +07:00	2014-11-08 00:00:00.000000 +07:00	f6bedba42803e80b20caaa44b1f06a88	Pangan		Bakso				n	800000/100	800000/100	1970-01-01 07:00:00.000000 +07:00
B	750cf13b0fe506f2215324ea03bc61a8	cb4db511059ba9eabb68ff0630625384	2014-11-10 09:06:47.000000 +07:00	2014-11-10 09:06:14.000000 +07:00	2014-11-08 00:00:00.000000 +07:00	3b0fea5fc269b229f9f08b5291c2a268	Cash in Wallet		Bakso				n	-800000/100	-800000/100	1970-01-01 07:00:00.000000 +07:00
===== END
===== START
C	750cf13b0fe506f2215324ea03bc61a8	b2767e37cbe44a86016b8fe4b4be57ff	2014-11-10 09:06:47.000000 +07:00	2014-11-10 09:06:14.000000 +07:00	2014-11-08 00:00:00.000000 +07:00	f6bedba42803e80b20caaa44b1f06a88	Pangan		Bakso				n	1000000/100	1000000/100	1970-01-01 07:00:00.000000 +07:00
C	750cf13b0fe506f2215324ea03bc61a8	cb4db511059ba9eabb68ff0630625384	2014-11-10 09:06:47.000000 +07:00	2014-11-10 09:06:14.000000 +07:00	2014-11-08 00:00:00.000000 +07:00	3b0fea5fc269b229f9f08b5291c2a268	Cash in Wallet		Bakso				n	-1000000/100	-1000000/100	1970-01-01 07:00:00.000000 +07:00
===== END
===== START
C	ef9720f07b5694c874a8dbe9ececd04a	c2c3f465403e21c3f7375729343f52ae	2014-11-10 09:07:38.000000 +07:00	2014-11-10 09:07:38.000000 +07:00	2014-11-08 00:00:00.000000 +07:00	f6bedba42803e80b20caaa44b1f06a88	Pangan		Sushi				n	5000000/100	5000000/100	1970-01-01 07:00:00.000000 +07:00
C	ef9720f07b5694c874a8dbe9ececd04a	ed9c7a7de660dafcb28d6e88a0bb5a69	2014-11-10 09:07:38.000000 +07:00	2014-11-10 09:07:38.000000 +07:00	2014-11-08 00:00:00.000000 +07:00	3b0fea5fc269b229f9f08b5291c2a268	Cash in Wallet		Sushi				n	-5000000/100	-5000000/100	1970-01-01 07:00:00.000000 +07:00
===== END
===== START
===== END
===== START
C	ccd5eacc4cb94b11e4d7c2b39780a967	6d492c0dacc23f662de92af340cb26d9	2014-11-10 09:08:03.000000 +07:00	2014-11-10 09:08:03.000000 +07:00	2014-11-09 00:00:00.000000 +07:00	f6bedba42803e80b20caaa44b1f06a88	Pangan		pulpi				n	500000/100	500000/100	1970-01-01 07:00:00.000000 +07:00
C	ccd5eacc4cb94b11e4d7c2b39780a967	18325844ef1e73fbab266a9298329842	2014-11-10 09:08:03.000000 +07:00	2014-11-10 09:08:03.000000 +07:00	2014-11-09 00:00:00.000000 +07:00	3b0fea5fc269b229f9f08b5291c2a268	Cash in Wallet		pulpi				n	-500000/100	-500000/100	1970-01-01 07:00:00.000000 +07:00
===== END
===== START
===== END
